/*C657*/SET SCHEMA PUBLIC
DISCONNECT
/*C658*/SET SCHEMA PUBLIC
DISCONNECT
/*C653*/SET SCHEMA PUBLIC
DISCONNECT
/*C661*/SET SCHEMA PUBLIC
DISCONNECT
/*C660*/SET SCHEMA PUBLIC
DISCONNECT
/*C659*/SET SCHEMA PUBLIC
DISCONNECT
/*C655*/SET SCHEMA PUBLIC
DISCONNECT
/*C654*/SET SCHEMA PUBLIC
DISCONNECT
/*C652*/SET SCHEMA PUBLIC
DISCONNECT
/*C656*/SET SCHEMA PUBLIC
DISCONNECT
/*C662*/SET SCHEMA PUBLIC
INSERT INTO TRANSACTION VALUES('7505dfca-2485-415e-b7f2-10ad437d859c',363,'Jo\u00e3o','2022-10-06 14:33:47.064418',222.00)
COMMIT
INSERT INTO TRANSACTION VALUES('101db612-d013-41d8-b089-7ecc6ae3d42e',36,'Mari','2022-10-06 14:35:31.948501',666.00)
COMMIT
INSERT INTO TRANSACTION VALUES('7b26c4f7-efe9-4e50-8c50-73cd13c85b17',258,'Joana','2022-10-06 14:35:48.544681',888.00)
COMMIT
